c:\documents_dxsniffer\dxsniffer\dxsniffer\debug\thread.obj
c:\documents_dxsniffer\dxsniffer\dxsniffer\debug\main.obj
c:\documents_dxsniffer\dxsniffer\dxsniffer\debug\dialog.obj
c:\documents_dxsniffer\dxsniffer\dxsniffer\debug\uic\ui_mainwindow.h
c:\documents_dxsniffer\dxsniffer\dxsniffer\debug\moc\moc_mainwindow.cpp
c:\documents_dxsniffer\dxsniffer\dxsniffer\debug\moc\moc_dialog.cpp
c:\documents_dxsniffer\dxsniffer\dxsniffer\debug\moc\moc_thread.cpp
c:\documents_dxsniffer\dxsniffer\dxsniffer\debug\\moc\moc_mainwindow.cpp
c:\documents_dxsniffer\dxsniffer\dxsniffer\debug\\moc\moc_dialog.cpp
c:\documents_dxsniffer\dxsniffer\dxsniffer\debug\\moc\moc_thread.cpp
c:\documents_dxsniffer\dxsniffer\dxsniffer\debug\\uic\ui_mainwindow.h
c:\documents_dxsniffer\dxsniffer\dxsniffer\debug\vc140.pdb
c:\documents_dxsniffer\dxsniffer\dxsniffer\debug\dxsniffer.tlog\cl.command.1.tlog
c:\documents_dxsniffer\dxsniffer\dxsniffer\debug\dxsniffer.tlog\cl.read.1.tlog
c:\documents_dxsniffer\dxsniffer\dxsniffer\debug\dxsniffer.tlog\cl.write.1.tlog
c:\documents_dxsniffer\dxsniffer\dxsniffer\debug\dxsniffer.tlog\dxsniffer.write.1u.tlog
c:\documents_dxsniffer\dxsniffer\dxsniffer\debug\dxsniffer.tlog\moc.read.1u.tlog
c:\documents_dxsniffer\dxsniffer\dxsniffer\debug\dxsniffer.tlog\moc.write.1u.tlog
c:\documents_dxsniffer\dxsniffer\dxsniffer\debug\dxsniffer.tlog\uic.read.1u.tlog
c:\documents_dxsniffer\dxsniffer\dxsniffer\debug\dxsniffer.tlog\uic.write.1u.tlog
