生成启动时间为 2020/3/21 23:37:17。
     1>项目“C:\Documents_DXSniffer\DXSniffer\DXSniffer\DXSniffer.vcxproj”在节点 2 上(Build 个目标)。
     1>QtVars:
         Reading Qt configuration (C:\Qt\Qt5.7.1\5.7\msvc2015\bin\qmake.exe)
         WHERE /Q cl.exe
         ("C:\Qt\Qt5.7.1\5.7\msvc2015\bin\qmake.exe") 1> qtvars.log 2>&1
     1>项目“C:\Documents_DXSniffer\DXSniffer\DXSniffer\DXSniffer.vcxproj”(1)正在节点 2 上生成“C:\Documents_DXSniffer\DXSniffer\DXSniffer\DXSniffer.vcxproj”(1:2) (Build 个目标)。
     1>QtWork:
         moc MainWindow.h
         moc Dialog.h
         moc Thread.h
       ClCompile:
         C:\Program Files (x86)\Microsoft Visual Studio 14.0\VC\bin\CL.exe /c /IRelease\uic /IRelease\moc /IC:\Qt\Qt5.7.1\5.7\msvc2015\include /IC:\Qt\Qt5.7.1\5.7\msvc2015\include\QtWidgets /IC:\Qt\Qt5.7.1\5.7\msvc2015\include\QtGui /IC:\Qt\Qt5.7.1\5.7\msvc2015\include\QtANGLE /IC:\Qt\Qt5.7.1\5.7\msvc2015\include\QtCore /I"C:\Qt\Qt5.7.1\5.7\msvc2015\mkspecs\win32-msvc2015" /IRelease\moc /IRelease\uic /nologo /W1 /WX- /MP /O2 /Oy- /D WPCAP /D HAVE_REMOTE /D UNICODE /D WIN32 /D QT_NO_DEBUG /D QT_WIDGETS_LIB /D QT_GUI_LIB /D QT_CORE_LIB /D NDEBUG /D UNICODE /D WIN32 /D QT_NO_DEBUG /D QT_WIDGETS_LIB /D QT_GUI_LIB /D QT_CORE_LIB /D NDEBUG /Gm- /EHsc /MD /GS /fp:precise /Zc:wchar_t /Zc:forScope /Zc:inline /Fo"Release\\" /Fd"Release\vc140.pdb" /Gd /TP /analyze- /errorReport:prompt Dialog.cpp main.cpp MainWindow.cpp Thread.cpp
         Dialog.cpp
         main.cpp
         MainWindow.cpp
     1>main.cpp(1): warning C4005: “HAVE_REMOTE”: 宏重定义
         main.cpp(1): note: 命令行参数: 参见前面的“HAVE_REMOTE”定义
     1>MainWindow.cpp(1): warning C4005: “HAVE_REMOTE”: 宏重定义
         MainWindow.cpp(1): note: 命令行参数: 参见前面的“HAVE_REMOTE”定义
         Thread.cpp
     1>Thread.cpp(1): warning C4005: “HAVE_REMOTE”: 宏重定义
         Thread.cpp(1): note: 命令行参数: 参见前面的“HAVE_REMOTE”定义
     1>MainWindow.cpp(667): warning C4129: “.”: 不可识别的字符转义序列
     1>MainWindow.cpp(668): warning C4129: “.”: 不可识别的字符转义序列
     1>MainWindow.cpp(1054): warning C4129: “.”: 不可识别的字符转义序列
     1>MainWindow.cpp(1055): warning C4129: “.”: 不可识别的字符转义序列
         C:\Program Files (x86)\Microsoft Visual Studio 14.0\VC\bin\CL.exe /c /IRelease\uic /IRelease\moc /IC:\Documents_DXSniffer\DXSniffer\DXSniffer\ /IC:\Qt\Qt5.7.1\5.7\msvc2015\include /IC:\Qt\Qt5.7.1\5.7\msvc2015\include\QtWidgets /IC:\Qt\Qt5.7.1\5.7\msvc2015\include\QtGui /IC:\Qt\Qt5.7.1\5.7\msvc2015\include\QtANGLE /IC:\Qt\Qt5.7.1\5.7\msvc2015\include\QtCore /I"C:\Qt\Qt5.7.1\5.7\msvc2015\mkspecs\win32-msvc2015" /IRelease\moc /IRelease\uic /nologo /W1 /WX- /MP /O2 /Oy- /D WPCAP /D HAVE_REMOTE /D UNICODE /D WIN32 /D QT_NO_DEBUG /D QT_WIDGETS_LIB /D QT_GUI_LIB /D QT_CORE_LIB /D NDEBUG /D UNICODE /D WIN32 /D QT_NO_DEBUG /D QT_WIDGETS_LIB /D QT_GUI_LIB /D QT_CORE_LIB /D NDEBUG /Gm- /EHsc /MD /GS /fp:precise /Zc:wchar_t /Zc:forScope /Zc:inline /Fo"Release\\" /Fd"Release\vc140.pdb" /Gd /TP /analyze- /errorReport:prompt Release\\moc\moc_MainWindow.cpp Release\\moc\moc_Dialog.cpp Release\\moc\moc_Thread.cpp
         moc_MainWindow.cpp
         moc_Dialog.cpp
         moc_Thread.cpp
       Link:
         C:\Program Files (x86)\Microsoft Visual Studio 14.0\VC\bin\link.exe /ERRORREPORT:PROMPT /OUT:"C:\Documents_DXSniffer\DXSniffer\Release\\DXSniffer.exe" /NOLOGO /LIBPATH:C:\Qt\Qt5.7.1\5.7\msvc2015\lib /LIBPATH:C:\utils\my_sql\my_sql\lib /LIBPATH:C:\utils\postgresql\pgsql\lib wpcap.lib wsock32.lib ws2_32.lib packet.lib C:\Qt\Qt5.7.1\5.7\msvc2015\lib\qtmain.lib shell32.lib C:\Qt\Qt5.7.1\5.7\msvc2015\lib\Qt5Widgets.lib C:\Qt\Qt5.7.1\5.7\msvc2015\lib\Qt5Gui.lib C:\Qt\Qt5.7.1\5.7\msvc2015\lib\Qt5Core.lib C:\Qt\Qt5.7.1\5.7\msvc2015\lib\qtmain.lib shell32.lib C:\Qt\Qt5.7.1\5.7\msvc2015\lib\Qt5Widgets.lib C:\Qt\Qt5.7.1\5.7\msvc2015\lib\Qt5Gui.lib C:\Qt\Qt5.7.1\5.7\msvc2015\lib\Qt5Core.lib kernel32.lib user32.lib gdi32.lib winspool.lib comdlg32.lib advapi32.lib shell32.lib ole32.lib oleaut32.lib uuid.lib odbc32.lib odbccp32.lib /MANIFEST /MANIFESTUAC:"level='asInvoker' uiAccess='false'" /manifest:embed /PDB:"C:\Documents_DXSniffer\DXSniffer\Release\DXSniffer.pdb" /SUBSYSTEM:WINDOWS /TLBID:1 /DYNAMICBASE /NXCOMPAT /IMPLIB:"C:\Documents_DXSniffer\DXSniffer\Release\DXSniffer.lib" /MACHINE:X86 /SAFESEH Release\Dialog.obj
         Release\main.obj
         Release\MainWindow.obj
         Release\Thread.obj
         Release\moc_MainWindow.obj
         Release\moc_Dialog.obj
         Release\moc_Thread.obj
         DXSniffer.vcxproj -> C:\Documents_DXSniffer\DXSniffer\Release\DXSniffer.exe
     1>已完成生成项目“C:\Documents_DXSniffer\DXSniffer\DXSniffer\DXSniffer.vcxproj”(Build 个目标)的操作。
     1>已完成生成项目“C:\Documents_DXSniffer\DXSniffer\DXSniffer\DXSniffer.vcxproj”(Build 个目标)的操作。

已成功生成。

已用时间 00:00:10.48
